<?xml version="1.0" encoding="UTF-8"?>
<testsuite name="com.github.ivacoronel.server.services.UserServiceTest" tests="12" skipped="0" failures="0" errors="0" timestamp="2025-06-10T03:28:18" hostname="gercos" time="0.114">
  <properties/>
  <testcase name="fetchWaitToValidate" classname="com.github.ivacoronel.server.services.UserServiceTest" time="0.021"/>
  <testcase name="findByNameExistingUser" classname="com.github.ivacoronel.server.services.UserServiceTest" time="0.006"/>
  <testcase name="removeByName" classname="com.github.ivacoronel.server.services.UserServiceTest" time="0.01"/>
  <testcase name="removeByNameNoSecret" classname="com.github.ivacoronel.server.services.UserServiceTest" time="0.01"/>
  <testcase name="verifyIncorrect" classname="com.github.ivacoronel.server.services.UserServiceTest" time="0.005"/>
  <testcase name="register" classname="com.github.ivacoronel.server.services.UserServiceTest" time="0.004"/>
  <testcase name="fetch" classname="com.github.ivacoronel.server.services.UserServiceTest" time="0.006"/>
  <testcase name="generateServerSecret" classname="com.github.ivacoronel.server.services.UserServiceTest" time="0.004"/>
  <testcase name="removeNonExistentUser" classname="com.github.ivacoronel.server.services.UserServiceTest" time="0.003"/>
  <testcase name="fetchAuthenticationError" classname="com.github.ivacoronel.server.services.UserServiceTest" time="0.01"/>
  <testcase name="verifyCorrect" classname="com.github.ivacoronel.server.services.UserServiceTest" time="0.007"/>
  <testcase name="fetchNoSecret" classname="com.github.ivacoronel.server.services.UserServiceTest" time="0.004"/>
  <system-out><![CDATA[2025-06-10 00:28:18.325  INFO 19858 --- [    Test worker] o.s.t.c.support.AbstractContextLoader    : Could not detect default resource locations for test class [com.github.ivacoronel.server.services.UserServiceTest]: no resource found for suffixes {-context.xml, Context.groovy}.
2025-06-10 00:28:18.333  INFO 19858 --- [    Test worker] .b.t.c.SpringBootTestContextBootstrapper : Loaded default TestExecutionListener class names from location [META-INF/spring.factories]: [org.springframework.security.test.context.support.WithSecurityContextTestExecutionListener, org.springframework.security.test.context.support.ReactorContextTestExecutionListener, org.springframework.boot.test.autoconfigure.restdocs.RestDocsTestExecutionListener, org.springframework.boot.test.autoconfigure.web.client.MockRestServiceServerResetTestExecutionListener, org.springframework.boot.test.autoconfigure.web.servlet.MockMvcPrintOnlyOnFailureTestExecutionListener, org.springframework.boot.test.autoconfigure.web.servlet.WebDriverTestExecutionListener, org.springframework.boot.test.autoconfigure.webservices.client.MockWebServiceServerTestExecutionListener, org.springframework.boot.test.mock.mockito.MockitoTestExecutionListener, org.springframework.boot.test.mock.mockito.ResetMocksTestExecutionListener, org.springframework.test.context.web.ServletTestExecutionListener, org.springframework.test.context.support.DirtiesContextBeforeModesTestExecutionListener, org.springframework.test.context.event.ApplicationEventsTestExecutionListener, org.springframework.test.context.support.DependencyInjectionTestExecutionListener, org.springframework.test.context.support.DirtiesContextTestExecutionListener, org.springframework.test.context.transaction.TransactionalTestExecutionListener, org.springframework.test.context.jdbc.SqlScriptsTestExecutionListener, org.springframework.test.context.event.EventPublishingTestExecutionListener]
2025-06-10 00:28:18.334  INFO 19858 --- [    Test worker] .b.t.c.SpringBootTestContextBootstrapper : Using TestExecutionListeners: [org.springframework.test.context.web.ServletTestExecutionListener@4c4e9a6e, org.springframework.test.context.support.DirtiesContextBeforeModesTestExecutionListener@a7614ed, org.springframework.test.context.event.ApplicationEventsTestExecutionListener@7687482c, org.springframework.boot.test.mock.mockito.MockitoTestExecutionListener@66171a3a, org.springframework.boot.test.autoconfigure.SpringBootDependencyInjectionTestExecutionListener@5e32717c, org.springframework.test.context.support.DirtiesContextTestExecutionListener@64d9d72b, org.springframework.test.context.transaction.TransactionalTestExecutionListener@285335b4, org.springframework.test.context.jdbc.SqlScriptsTestExecutionListener@76cb3c4e, org.springframework.security.test.context.support.WithSecurityContextTestExecutionListener@3bbf1a7a, org.springframework.test.context.event.EventPublishingTestExecutionListener@1175e2a9, org.springframework.security.test.context.support.ReactorContextTestExecutionListener@203a8ba6, org.springframework.boot.test.autoconfigure.restdocs.RestDocsTestExecutionListener@f3cfaa3, org.springframework.boot.test.autoconfigure.web.client.MockRestServiceServerResetTestExecutionListener@4c134df4, org.springframework.boot.test.autoconfigure.web.servlet.MockMvcPrintOnlyOnFailureTestExecutionListener@72cd9e75, org.springframework.boot.test.autoconfigure.web.servlet.WebDriverTestExecutionListener@6de4c31, org.springframework.boot.test.autoconfigure.webservices.client.MockWebServiceServerTestExecutionListener@6e5f47ab, org.springframework.boot.test.mock.mockito.ResetMocksTestExecutionListener@3875db79]
2025-06-10 00:28:18.338  INFO 19858 --- [    Test worker] o.s.b.d.r.RestartApplicationListener     : Restart disabled due to context in which it is running

  _________            .__              ______________  __.  _____          __  .__     
 /   _____/____________|__| ____    ____\____    /    |/ _| /  _  \  __ ___/  |_|  |__  
 \_____  \\____ \_  __ \  |/    \  / ___\ /     /|      <  /  /_\  \|  |  \   __\  |  \ 
 /        \  |_> >  | \/  |   |  \/ /_/  >     /_|    |  \/    |    \  |  /|  | |   Y  \
/_______  /   __/|__|  |__|___|  /\___  /_______ \____|__ \____|__  /____/ |__| |___|  /
        \/|__|                 \//_____/        \/       \/       \/                 \/ 
::::  

2025-06-10 00:28:18.433  INFO 19858 --- [    Test worker] c.g.i.server.services.UserServiceTest    : Starting UserServiceTest using Java 11.0.17 on gercos with PID 19858 (started by ivana in /home/ivana/projects/SpringZKAuth)
2025-06-10 00:28:18.434  INFO 19858 --- [    Test worker] c.g.i.server.services.UserServiceTest    : No active profile set, falling back to 1 default profile: "default"
2025-06-10 00:28:18.436  INFO 19858 --- [    Test worker] o.s.c.c.c.ConfigServerConfigDataLoader   : Fetching config from server at : http://localhost:8888
2025-06-10 00:28:18.436  INFO 19858 --- [    Test worker] o.s.c.c.c.ConfigServerConfigDataLoader   : Connect Timeout Exception on Url - http://localhost:8888. Will be trying the next url if available
2025-06-10 00:28:18.436  WARN 19858 --- [    Test worker] o.s.c.c.c.ConfigServerConfigDataLoader   : Could not locate PropertySource ([ConfigServerConfigDataResource@6d9c2ba1 uris = array<String>['http://localhost:8888'], optional = true, profiles = list['default']]): I/O error on GET request for "http://localhost:8888/application/default": Conexión rehusada (Connection refused); nested exception is java.net.ConnectException: Conexión rehusada (Connection refused)
2025-06-10 00:28:18.585  INFO 19858 --- [    Test worker] c.g.i.server.services.UserServiceTest    : Started UserServiceTest in 0.247 seconds (JVM running for 9.555)
]]></system-out>
  <system-err><![CDATA[]]></system-err>
</testsuite>
