<?xml version="1.0" encoding="UTF-8"?>
<testsuite name="com.github.ivacoronel.server.web.DiaryControllerTest" tests="4" skipped="0" failures="0" errors="0" timestamp="2025-06-10T03:38:55" hostname="gercos" time="0.331">
  <properties/>
  <testcase name="registerValidationFailedUniqueName" classname="com.github.ivacoronel.server.web.DiaryControllerTest" time="0.278"/>
  <testcase name="removeSuccess" classname="com.github.ivacoronel.server.web.DiaryControllerTest" time="0.014"/>
  <testcase name="fetchSuccess" classname="com.github.ivacoronel.server.web.DiaryControllerTest" time="0.017"/>
  <testcase name="addSuccess" classname="com.github.ivacoronel.server.web.DiaryControllerTest" time="0.017"/>
  <system-out><![CDATA[2025-06-10 00:38:54.225  INFO 20863 --- [    Test worker] o.s.t.c.support.AbstractContextLoader    : Could not detect default resource locations for test class [com.github.ivacoronel.server.web.DiaryControllerTest]: no resource found for suffixes {-context.xml, Context.groovy}.
2025-06-10 00:38:54.240  INFO 20863 --- [    Test worker] .b.t.c.SpringBootTestContextBootstrapper : Found @SpringBootConfiguration com.github.ivacoronel.server.ZKAuthApplication for test class com.github.ivacoronel.server.web.DiaryControllerTest
2025-06-10 00:38:54.241  INFO 20863 --- [    Test worker] .b.t.a.w.s.WebMvcTestContextBootstrapper : Loaded default TestExecutionListener class names from location [META-INF/spring.factories]: [org.springframework.security.test.context.support.WithSecurityContextTestExecutionListener, org.springframework.security.test.context.support.ReactorContextTestExecutionListener, org.springframework.boot.test.autoconfigure.restdocs.RestDocsTestExecutionListener, org.springframework.boot.test.autoconfigure.web.client.MockRestServiceServerResetTestExecutionListener, org.springframework.boot.test.autoconfigure.web.servlet.MockMvcPrintOnlyOnFailureTestExecutionListener, org.springframework.boot.test.autoconfigure.web.servlet.WebDriverTestExecutionListener, org.springframework.boot.test.autoconfigure.webservices.client.MockWebServiceServerTestExecutionListener, org.springframework.boot.test.mock.mockito.MockitoTestExecutionListener, org.springframework.boot.test.mock.mockito.ResetMocksTestExecutionListener, org.springframework.test.context.web.ServletTestExecutionListener, org.springframework.test.context.support.DirtiesContextBeforeModesTestExecutionListener, org.springframework.test.context.event.ApplicationEventsTestExecutionListener, org.springframework.test.context.support.DependencyInjectionTestExecutionListener, org.springframework.test.context.support.DirtiesContextTestExecutionListener, org.springframework.test.context.transaction.TransactionalTestExecutionListener, org.springframework.test.context.jdbc.SqlScriptsTestExecutionListener, org.springframework.test.context.event.EventPublishingTestExecutionListener]
2025-06-10 00:38:54.242  INFO 20863 --- [    Test worker] .b.t.a.w.s.WebMvcTestContextBootstrapper : Using TestExecutionListeners: [org.springframework.test.context.web.ServletTestExecutionListener@69895dc0, org.springframework.test.context.support.DirtiesContextBeforeModesTestExecutionListener@3cee181, org.springframework.test.context.event.ApplicationEventsTestExecutionListener@28cd3b27, org.springframework.boot.test.mock.mockito.MockitoTestExecutionListener@1d663b00, org.springframework.boot.test.autoconfigure.SpringBootDependencyInjectionTestExecutionListener@3ea20231, org.springframework.test.context.support.DirtiesContextTestExecutionListener@4a143e8d, org.springframework.test.context.transaction.TransactionalTestExecutionListener@b4130eb, org.springframework.test.context.jdbc.SqlScriptsTestExecutionListener@27d3a4b8, org.springframework.security.test.context.support.WithSecurityContextTestExecutionListener@9ce89f9, org.springframework.test.context.event.EventPublishingTestExecutionListener@62453e1b, org.springframework.security.test.context.support.ReactorContextTestExecutionListener@60019cd0, org.springframework.boot.test.autoconfigure.restdocs.RestDocsTestExecutionListener@5acd120c, org.springframework.boot.test.autoconfigure.web.client.MockRestServiceServerResetTestExecutionListener@2731c9ed, org.springframework.boot.test.autoconfigure.web.servlet.MockMvcPrintOnlyOnFailureTestExecutionListener@6ccf8ef6, org.springframework.boot.test.autoconfigure.web.servlet.WebDriverTestExecutionListener@c468a3, org.springframework.boot.test.autoconfigure.webservices.client.MockWebServiceServerTestExecutionListener@322b47c5, org.springframework.boot.test.mock.mockito.ResetMocksTestExecutionListener@1b7c8ecc]
2025-06-10 00:38:54.245  INFO 20863 --- [    Test worker] o.s.b.d.r.RestartApplicationListener     : Restart disabled due to context in which it is running

  _________            .__              ______________  __.  _____          __  .__     
 /   _____/____________|__| ____    ____\____    /    |/ _| /  _  \  __ ___/  |_|  |__  
 \_____  \\____ \_  __ \  |/    \  / ___\ /     /|      <  /  /_\  \|  |  \   __\  |  \ 
 /        \  |_> >  | \/  |   |  \/ /_/  >     /_|    |  \/    |    \  |  /|  | |   Y  \
/_______  /   __/|__|  |__|___|  /\___  /_______ \____|__ \____|__  /____/ |__| |___|  /
        \/|__|                 \//_____/        \/       \/       \/                 \/ 
::::  

2025-06-10 00:38:54.322  INFO 20863 --- [    Test worker] c.g.i.server.web.DiaryControllerTest     : Starting DiaryControllerTest using Java 11.0.17 on gercos with PID 20863 (started by ivana in /home/ivana/projects/SpringZKAuth)
2025-06-10 00:38:54.322  INFO 20863 --- [    Test worker] c.g.i.server.web.DiaryControllerTest     : No active profile set, falling back to 1 default profile: "default"
2025-06-10 00:38:54.325  INFO 20863 --- [    Test worker] o.s.c.c.c.ConfigServerConfigDataLoader   : Fetching config from server at : http://localhost:8888
2025-06-10 00:38:54.325  INFO 20863 --- [    Test worker] o.s.c.c.c.ConfigServerConfigDataLoader   : Connect Timeout Exception on Url - http://localhost:8888. Will be trying the next url if available
2025-06-10 00:38:54.326  WARN 20863 --- [    Test worker] o.s.c.c.c.ConfigServerConfigDataLoader   : Could not locate PropertySource ([ConfigServerConfigDataResource@4db96f69 uris = array<String>['http://localhost:8888'], optional = true, profiles = list['default']]): I/O error on GET request for "http://localhost:8888/application/default": Conexión rehusada (Connection refused); nested exception is java.net.ConnectException: Conexión rehusada (Connection refused)
2025-06-10 00:38:55.394  WARN 20863 --- [    Test worker] .s.s.UserDetailsServiceAutoConfiguration : 

Using generated security password: 0fa6c036-a803-4b02-bb1d-f83e3b514c42

This generated password is for development use only. Your security configuration must be updated before running your application in production.

2025-06-10 00:38:55.555 DEBUG 20863 --- [    Test worker] edFilterInvocationSecurityMetadataSource : Adding web access control expression [permitAll] for Ant [pattern='/zkauth/users/**', POST]
2025-06-10 00:38:55.594 DEBUG 20863 --- [    Test worker] edFilterInvocationSecurityMetadataSource : Adding web access control expression [permitAll] for Ant [pattern='/zkauth/diary/**', POST]
2025-06-10 00:38:55.594 DEBUG 20863 --- [    Test worker] edFilterInvocationSecurityMetadataSource : Adding web access control expression [permitAll] for Ant [pattern='/zkauth/diary/**', GET]
2025-06-10 00:38:55.594 DEBUG 20863 --- [    Test worker] edFilterInvocationSecurityMetadataSource : Adding web access control expression [authenticated] for any request
2025-06-10 00:38:55.613  INFO 20863 --- [    Test worker] o.s.s.web.DefaultSecurityFilterChain     : Will secure any request with [org.springframework.security.web.session.DisableEncodeUrlFilter@7fb1e4fc, org.springframework.security.web.context.request.async.WebAsyncManagerIntegrationFilter@158d7b67, org.springframework.security.web.context.SecurityContextPersistenceFilter@11c5047, org.springframework.security.web.header.HeaderWriterFilter@53f39d88, org.springframework.web.filter.CorsFilter@642415, org.springframework.security.web.authentication.logout.LogoutFilter@4570149d, org.springframework.security.web.authentication.www.BasicAuthenticationFilter@2b7c9e60, org.springframework.security.web.savedrequest.RequestCacheAwareFilter@4d53b3fe, org.springframework.security.web.servletapi.SecurityContextHolderAwareRequestFilter@4d3ec04e, org.springframework.security.web.authentication.AnonymousAuthenticationFilter@1e9ebbf8, org.springframework.security.web.session.SessionManagementFilter@138fc80a, org.springframework.security.web.access.ExceptionTranslationFilter@7df77885, org.springframework.security.web.access.intercept.FilterSecurityInterceptor@4a58c41d]
2025-06-10 00:38:55.689  INFO 20863 --- [    Test worker] o.s.b.t.m.w.SpringBootMockServletContext : Initializing Spring TestDispatcherServlet ''
2025-06-10 00:38:55.689  INFO 20863 --- [    Test worker] o.s.t.web.servlet.TestDispatcherServlet  : Initializing Servlet ''
2025-06-10 00:38:55.690  INFO 20863 --- [    Test worker] o.s.t.web.servlet.TestDispatcherServlet  : Completed initialization in 1 ms
2025-06-10 00:38:55.707  INFO 20863 --- [    Test worker] c.g.i.server.web.DiaryControllerTest     : Started DiaryControllerTest in 1.462 seconds (JVM running for 11.373)
2025-06-10 00:38:55.762 DEBUG 20863 --- [    Test worker] w.c.HttpSessionSecurityContextRepository : Created HttpSession as SecurityContext is non-default
2025-06-10 00:38:55.763 DEBUG 20863 --- [    Test worker] w.c.HttpSessionSecurityContextRepository : Stored SecurityContextImpl [Authentication=UsernamePasswordAuthenticationToken [Principal=org.springframework.security.core.userdetails.User [Username=user, Password=[PROTECTED], Enabled=true, AccountNonExpired=true, credentialsNonExpired=true, AccountNonLocked=true, Granted Authorities=[ROLE_USER]], Credentials=[PROTECTED], Authenticated=true, Details=null, Granted Authorities=[ROLE_USER]]] to HttpSession [org.springframework.mock.web.MockHttpSession@380d376f]
2025-06-10 00:38:55.768 DEBUG 20863 --- [    Test worker] o.s.security.web.FilterChainProxy        : Securing POST /zkauth/diary
2025-06-10 00:38:55.772 DEBUG 20863 --- [    Test worker] w.c.HttpSessionSecurityContextRepository : Retrieved SecurityContextImpl [Authentication=UsernamePasswordAuthenticationToken [Principal=org.springframework.security.core.userdetails.User [Username=user, Password=[PROTECTED], Enabled=true, AccountNonExpired=true, credentialsNonExpired=true, AccountNonLocked=true, Granted Authorities=[ROLE_USER]], Credentials=[PROTECTED], Authenticated=true, Details=null, Granted Authorities=[ROLE_USER]]]
2025-06-10 00:38:55.772 DEBUG 20863 --- [    Test worker] s.s.w.c.SecurityContextPersistenceFilter : Set SecurityContextHolder to SecurityContextImpl [Authentication=UsernamePasswordAuthenticationToken [Principal=org.springframework.security.core.userdetails.User [Username=user, Password=[PROTECTED], Enabled=true, AccountNonExpired=true, credentialsNonExpired=true, AccountNonLocked=true, Granted Authorities=[ROLE_USER]], Credentials=[PROTECTED], Authenticated=true, Details=null, Granted Authorities=[ROLE_USER]]]
2025-06-10 00:38:55.793 DEBUG 20863 --- [    Test worker] o.s.s.w.a.i.FilterSecurityInterceptor    : Authorized filter invocation [POST /zkauth/diary] with attributes [permitAll]
2025-06-10 00:38:55.794 DEBUG 20863 --- [    Test worker] o.s.security.web.FilterChainProxy        : Secured POST /zkauth/diary
2025-06-10 00:38:55.899 DEBUG 20863 --- [    Test worker] s.s.w.c.SecurityContextPersistenceFilter : Cleared SecurityContextHolder to complete request

MockHttpServletRequest:
      HTTP Method = POST
      Request URI = /zkauth/diary
       Parameters = {_csrf=[ec41861f-dd43-421d-9249-30534c3c67fa]}
          Headers = [Content-Type:"application/json;charset=UTF-8", ZKAuth-Token:"some-test-token", Content-Length:"643"]
             Body = {
  "createdBy" : null,
  "lastModifiedBy" : null,
  "id" : 1,
  "username" : "John",
  "entryname" : "MyDiary",
  "content" : "a3166e7b31408c5a5c002d86b26069b69dbb91683b180c1a83533b5ea3e7c612744174a5fb9dc604e3b5c5310de40830e9cf6a61fdc71c2732cd49f18728c7961ea6e054c9c5285b8c7d4d79d3ef1fde61172dc03e69a9daf77dc77de71bc11aa05cc15f4cd007fdc72bc5bb5b4475f0d4e0c84ed059692ab4766fa1400adae5bdc3f3b9dcc0ab5af8e00924df40ed9878ed11818059005f31551323a12eece1e0ecb031ff1201093cc632ec23951420298fd4f07f560fd270eaa2ba4cf688a7f2c444a72caee47e35edd42faefabc7f596c150cc6a826eac77d94e1c0d82a28364260c678831178c8d85302f0f6d1be1ec5f99a2ac61d47a6072bb415635606"
}
    Session Attrs = {SPRING_SECURITY_CONTEXT=SecurityContextImpl [Authentication=UsernamePasswordAuthenticationToken [Principal=org.springframework.security.core.userdetails.User [Username=user, Password=[PROTECTED], Enabled=true, AccountNonExpired=true, credentialsNonExpired=true, AccountNonLocked=true, Granted Authorities=[ROLE_USER]], Credentials=[PROTECTED], Authenticated=true, Details=null, Granted Authorities=[ROLE_USER]]]}

Handler:
             Type = com.github.ivacoronel.server.web.controllers.DiaryController
           Method = com.github.ivacoronel.server.web.controllers.DiaryController#add(DiaryDto, String)

Async:
    Async started = false
     Async result = null

Resolved Exception:
             Type = org.springframework.dao.DataIntegrityViolationException

ModelAndView:
        View name = null
             View = null
            Model = null

FlashMap:
       Attributes = null

MockHttpServletResponse:
           Status = 409
    Error message = null
          Headers = [Vary:"Origin", "Access-Control-Request-Method", "Access-Control-Request-Headers", Content-Type:"application/json", X-Content-Type-Options:"nosniff", X-XSS-Protection:"1; mode=block", Cache-Control:"no-cache, no-store, max-age=0, must-revalidate", Pragma:"no-cache", Expires:"0", X-Frame-Options:"DENY"]
     Content type = application/json
             Body = {"errorCode":"DATA_VALIDATION","message":"; nested exception is org.hibernate.exception.ConstraintViolationException: ","errors":[{"fieldName":"username, entryname","errorCode":"UNIQUE","params":[]}]}
    Forwarded URL = null
   Redirected URL = null
          Cookies = []
2025-06-10 00:38:55.995 DEBUG 20863 --- [    Test worker] w.c.HttpSessionSecurityContextRepository : Created HttpSession as SecurityContext is non-default
2025-06-10 00:38:55.996 DEBUG 20863 --- [    Test worker] w.c.HttpSessionSecurityContextRepository : Stored SecurityContextImpl [Authentication=UsernamePasswordAuthenticationToken [Principal=org.springframework.security.core.userdetails.User [Username=user, Password=[PROTECTED], Enabled=true, AccountNonExpired=true, credentialsNonExpired=true, AccountNonLocked=true, Granted Authorities=[ROLE_USER]], Credentials=[PROTECTED], Authenticated=true, Details=null, Granted Authorities=[ROLE_USER]]] to HttpSession [org.springframework.mock.web.MockHttpSession@36ea6c77]
2025-06-10 00:38:55.997 DEBUG 20863 --- [    Test worker] o.s.security.web.FilterChainProxy        : Securing DELETE /zkauth/diary/John/MyDiary/
2025-06-10 00:38:55.997 DEBUG 20863 --- [    Test worker] w.c.HttpSessionSecurityContextRepository : Retrieved SecurityContextImpl [Authentication=UsernamePasswordAuthenticationToken [Principal=org.springframework.security.core.userdetails.User [Username=user, Password=[PROTECTED], Enabled=true, AccountNonExpired=true, credentialsNonExpired=true, AccountNonLocked=true, Granted Authorities=[ROLE_USER]], Credentials=[PROTECTED], Authenticated=true, Details=null, Granted Authorities=[ROLE_USER]]]
2025-06-10 00:38:55.997 DEBUG 20863 --- [    Test worker] s.s.w.c.SecurityContextPersistenceFilter : Set SecurityContextHolder to SecurityContextImpl [Authentication=UsernamePasswordAuthenticationToken [Principal=org.springframework.security.core.userdetails.User [Username=user, Password=[PROTECTED], Enabled=true, AccountNonExpired=true, credentialsNonExpired=true, AccountNonLocked=true, Granted Authorities=[ROLE_USER]], Credentials=[PROTECTED], Authenticated=true, Details=null, Granted Authorities=[ROLE_USER]]]
2025-06-10 00:38:55.998 DEBUG 20863 --- [    Test worker] o.s.s.w.a.i.FilterSecurityInterceptor    : Authorized filter invocation [DELETE /zkauth/diary/John/MyDiary/] with attributes [authenticated]
2025-06-10 00:38:55.998 DEBUG 20863 --- [    Test worker] o.s.security.web.FilterChainProxy        : Secured DELETE /zkauth/diary/John/MyDiary/
2025-06-10 00:38:56.002 DEBUG 20863 --- [    Test worker] s.s.w.c.SecurityContextPersistenceFilter : Cleared SecurityContextHolder to complete request

MockHttpServletRequest:
      HTTP Method = DELETE
      Request URI = /zkauth/diary/John/MyDiary/
       Parameters = {_csrf=[c4dcebfe-01fd-409b-8426-9d2922169f53]}
          Headers = [Content-Type:"application/json;charset=UTF-8", ZKAuth-Token:"some-test-token"]
             Body = null
    Session Attrs = {SPRING_SECURITY_CONTEXT=SecurityContextImpl [Authentication=UsernamePasswordAuthenticationToken [Principal=org.springframework.security.core.userdetails.User [Username=user, Password=[PROTECTED], Enabled=true, AccountNonExpired=true, credentialsNonExpired=true, AccountNonLocked=true, Granted Authorities=[ROLE_USER]], Credentials=[PROTECTED], Authenticated=true, Details=null, Granted Authorities=[ROLE_USER]]]}

Handler:
             Type = com.github.ivacoronel.server.web.controllers.DiaryController
           Method = com.github.ivacoronel.server.web.controllers.DiaryController#remove(String, String, String)

Async:
    Async started = false
     Async result = null

Resolved Exception:
             Type = null

ModelAndView:
        View name = null
             View = null
            Model = null

FlashMap:
       Attributes = null

MockHttpServletResponse:
           Status = 200
    Error message = null
          Headers = [Vary:"Origin", "Access-Control-Request-Method", "Access-Control-Request-Headers", X-Content-Type-Options:"nosniff", X-XSS-Protection:"1; mode=block", Cache-Control:"no-cache, no-store, max-age=0, must-revalidate", Pragma:"no-cache", Expires:"0", X-Frame-Options:"DENY"]
     Content type = null
             Body = 
    Forwarded URL = null
   Redirected URL = null
          Cookies = []
2025-06-10 00:38:56.011 DEBUG 20863 --- [    Test worker] w.c.HttpSessionSecurityContextRepository : Created HttpSession as SecurityContext is non-default
2025-06-10 00:38:56.011 DEBUG 20863 --- [    Test worker] w.c.HttpSessionSecurityContextRepository : Stored SecurityContextImpl [Authentication=UsernamePasswordAuthenticationToken [Principal=org.springframework.security.core.userdetails.User [Username=user, Password=[PROTECTED], Enabled=true, AccountNonExpired=true, credentialsNonExpired=true, AccountNonLocked=true, Granted Authorities=[ROLE_USER]], Credentials=[PROTECTED], Authenticated=true, Details=null, Granted Authorities=[ROLE_USER]]] to HttpSession [org.springframework.mock.web.MockHttpSession@25e61e0e]
2025-06-10 00:38:56.012 DEBUG 20863 --- [    Test worker] o.s.security.web.FilterChainProxy        : Securing GET /zkauth/diary/John/
2025-06-10 00:38:56.012 DEBUG 20863 --- [    Test worker] w.c.HttpSessionSecurityContextRepository : Retrieved SecurityContextImpl [Authentication=UsernamePasswordAuthenticationToken [Principal=org.springframework.security.core.userdetails.User [Username=user, Password=[PROTECTED], Enabled=true, AccountNonExpired=true, credentialsNonExpired=true, AccountNonLocked=true, Granted Authorities=[ROLE_USER]], Credentials=[PROTECTED], Authenticated=true, Details=null, Granted Authorities=[ROLE_USER]]]
2025-06-10 00:38:56.012 DEBUG 20863 --- [    Test worker] s.s.w.c.SecurityContextPersistenceFilter : Set SecurityContextHolder to SecurityContextImpl [Authentication=UsernamePasswordAuthenticationToken [Principal=org.springframework.security.core.userdetails.User [Username=user, Password=[PROTECTED], Enabled=true, AccountNonExpired=true, credentialsNonExpired=true, AccountNonLocked=true, Granted Authorities=[ROLE_USER]], Credentials=[PROTECTED], Authenticated=true, Details=null, Granted Authorities=[ROLE_USER]]]
2025-06-10 00:38:56.013 DEBUG 20863 --- [    Test worker] o.s.s.w.a.i.FilterSecurityInterceptor    : Authorized filter invocation [GET /zkauth/diary/John/] with attributes [permitAll]
2025-06-10 00:38:56.013 DEBUG 20863 --- [    Test worker] o.s.security.web.FilterChainProxy        : Secured GET /zkauth/diary/John/
2025-06-10 00:38:56.020 DEBUG 20863 --- [    Test worker] s.s.w.c.SecurityContextPersistenceFilter : Cleared SecurityContextHolder to complete request

MockHttpServletRequest:
      HTTP Method = GET
      Request URI = /zkauth/diary/John/
       Parameters = {_csrf=[4981c290-d500-4bd5-930e-0b56479be9bf]}
          Headers = [Content-Type:"application/json;charset=UTF-8", ZKAuth-Token:"some-test-token"]
             Body = null
    Session Attrs = {SPRING_SECURITY_CONTEXT=SecurityContextImpl [Authentication=UsernamePasswordAuthenticationToken [Principal=org.springframework.security.core.userdetails.User [Username=user, Password=[PROTECTED], Enabled=true, AccountNonExpired=true, credentialsNonExpired=true, AccountNonLocked=true, Granted Authorities=[ROLE_USER]], Credentials=[PROTECTED], Authenticated=true, Details=null, Granted Authorities=[ROLE_USER]]]}

Handler:
             Type = com.github.ivacoronel.server.web.controllers.DiaryController
           Method = com.github.ivacoronel.server.web.controllers.DiaryController#fetch(String, String)

Async:
    Async started = false
     Async result = null

Resolved Exception:
             Type = null

ModelAndView:
        View name = null
             View = null
            Model = null

FlashMap:
       Attributes = null

MockHttpServletResponse:
           Status = 200
    Error message = null
          Headers = [Vary:"Origin", "Access-Control-Request-Method", "Access-Control-Request-Headers", Content-Type:"application/json", X-Content-Type-Options:"nosniff", X-XSS-Protection:"1; mode=block", Cache-Control:"no-cache, no-store, max-age=0, must-revalidate", Pragma:"no-cache", Expires:"0", X-Frame-Options:"DENY"]
     Content type = application/json
             Body = [{"id":1,"username":"John","entryname":"MyDiary","content":"a3166e7b31408c5a5c002d86b26069b69dbb91683b180c1a83533b5ea3e7c612744174a5fb9dc604e3b5c5310de40830e9cf6a61fdc71c2732cd49f18728c7961ea6e054c9c5285b8c7d4d79d3ef1fde61172dc03e69a9daf77dc77de71bc11aa05cc15f4cd007fdc72bc5bb5b4475f0d4e0c84ed059692ab4766fa1400adae5bdc3f3b9dcc0ab5af8e00924df40ed9878ed11818059005f31551323a12eece1e0ecb031ff1201093cc632ec23951420298fd4f07f560fd270eaa2ba4cf688a7f2c444a72caee47e35edd42faefabc7f596c150cc6a826eac77d94e1c0d82a28364260c678831178c8d85302f0f6d1be1ec5f99a2ac61d47a6072bb415635606"}]
    Forwarded URL = null
   Redirected URL = null
          Cookies = []
2025-06-10 00:38:56.030 DEBUG 20863 --- [    Test worker] w.c.HttpSessionSecurityContextRepository : Created HttpSession as SecurityContext is non-default
2025-06-10 00:38:56.030 DEBUG 20863 --- [    Test worker] w.c.HttpSessionSecurityContextRepository : Stored SecurityContextImpl [Authentication=UsernamePasswordAuthenticationToken [Principal=org.springframework.security.core.userdetails.User [Username=user, Password=[PROTECTED], Enabled=true, AccountNonExpired=true, credentialsNonExpired=true, AccountNonLocked=true, Granted Authorities=[ROLE_USER]], Credentials=[PROTECTED], Authenticated=true, Details=null, Granted Authorities=[ROLE_USER]]] to HttpSession [org.springframework.mock.web.MockHttpSession@3ee3a0fc]
2025-06-10 00:38:56.031 DEBUG 20863 --- [    Test worker] o.s.security.web.FilterChainProxy        : Securing POST /zkauth/diary
2025-06-10 00:38:56.031 DEBUG 20863 --- [    Test worker] w.c.HttpSessionSecurityContextRepository : Retrieved SecurityContextImpl [Authentication=UsernamePasswordAuthenticationToken [Principal=org.springframework.security.core.userdetails.User [Username=user, Password=[PROTECTED], Enabled=true, AccountNonExpired=true, credentialsNonExpired=true, AccountNonLocked=true, Granted Authorities=[ROLE_USER]], Credentials=[PROTECTED], Authenticated=true, Details=null, Granted Authorities=[ROLE_USER]]]
2025-06-10 00:38:56.032 DEBUG 20863 --- [    Test worker] s.s.w.c.SecurityContextPersistenceFilter : Set SecurityContextHolder to SecurityContextImpl [Authentication=UsernamePasswordAuthenticationToken [Principal=org.springframework.security.core.userdetails.User [Username=user, Password=[PROTECTED], Enabled=true, AccountNonExpired=true, credentialsNonExpired=true, AccountNonLocked=true, Granted Authorities=[ROLE_USER]], Credentials=[PROTECTED], Authenticated=true, Details=null, Granted Authorities=[ROLE_USER]]]
2025-06-10 00:38:56.032 DEBUG 20863 --- [    Test worker] o.s.s.w.a.i.FilterSecurityInterceptor    : Authorized filter invocation [POST /zkauth/diary] with attributes [permitAll]
2025-06-10 00:38:56.033 DEBUG 20863 --- [    Test worker] o.s.security.web.FilterChainProxy        : Secured POST /zkauth/diary
2025-06-10 00:38:56.039 DEBUG 20863 --- [    Test worker] s.s.w.c.SecurityContextPersistenceFilter : Cleared SecurityContextHolder to complete request

MockHttpServletRequest:
      HTTP Method = POST
      Request URI = /zkauth/diary
       Parameters = {_csrf=[918b1554-6cbb-422b-85d1-c791600d7d5e]}
          Headers = [Content-Type:"application/json;charset=UTF-8", ZKAuth-Token:"some-test-token", Content-Length:"643"]
             Body = {
  "createdBy" : null,
  "lastModifiedBy" : null,
  "id" : 1,
  "username" : "John",
  "entryname" : "MyDiary",
  "content" : "a3166e7b31408c5a5c002d86b26069b69dbb91683b180c1a83533b5ea3e7c612744174a5fb9dc604e3b5c5310de40830e9cf6a61fdc71c2732cd49f18728c7961ea6e054c9c5285b8c7d4d79d3ef1fde61172dc03e69a9daf77dc77de71bc11aa05cc15f4cd007fdc72bc5bb5b4475f0d4e0c84ed059692ab4766fa1400adae5bdc3f3b9dcc0ab5af8e00924df40ed9878ed11818059005f31551323a12eece1e0ecb031ff1201093cc632ec23951420298fd4f07f560fd270eaa2ba4cf688a7f2c444a72caee47e35edd42faefabc7f596c150cc6a826eac77d94e1c0d82a28364260c678831178c8d85302f0f6d1be1ec5f99a2ac61d47a6072bb415635606"
}
    Session Attrs = {SPRING_SECURITY_CONTEXT=SecurityContextImpl [Authentication=UsernamePasswordAuthenticationToken [Principal=org.springframework.security.core.userdetails.User [Username=user, Password=[PROTECTED], Enabled=true, AccountNonExpired=true, credentialsNonExpired=true, AccountNonLocked=true, Granted Authorities=[ROLE_USER]], Credentials=[PROTECTED], Authenticated=true, Details=null, Granted Authorities=[ROLE_USER]]]}

Handler:
             Type = com.github.ivacoronel.server.web.controllers.DiaryController
           Method = com.github.ivacoronel.server.web.controllers.DiaryController#add(DiaryDto, String)

Async:
    Async started = false
     Async result = null

Resolved Exception:
             Type = null

ModelAndView:
        View name = null
             View = null
            Model = null

FlashMap:
       Attributes = null

MockHttpServletResponse:
           Status = 201
    Error message = null
          Headers = [Vary:"Origin", "Access-Control-Request-Method", "Access-Control-Request-Headers", Content-Type:"application/json", X-Content-Type-Options:"nosniff", X-XSS-Protection:"1; mode=block", Cache-Control:"no-cache, no-store, max-age=0, must-revalidate", Pragma:"no-cache", Expires:"0", X-Frame-Options:"DENY"]
     Content type = application/json
             Body = {"id":1,"username":"John","entryname":"MyDiary","content":"a3166e7b31408c5a5c002d86b26069b69dbb91683b180c1a83533b5ea3e7c612744174a5fb9dc604e3b5c5310de40830e9cf6a61fdc71c2732cd49f18728c7961ea6e054c9c5285b8c7d4d79d3ef1fde61172dc03e69a9daf77dc77de71bc11aa05cc15f4cd007fdc72bc5bb5b4475f0d4e0c84ed059692ab4766fa1400adae5bdc3f3b9dcc0ab5af8e00924df40ed9878ed11818059005f31551323a12eece1e0ecb031ff1201093cc632ec23951420298fd4f07f560fd270eaa2ba4cf688a7f2c444a72caee47e35edd42faefabc7f596c150cc6a826eac77d94e1c0d82a28364260c678831178c8d85302f0f6d1be1ec5f99a2ac61d47a6072bb415635606"}
    Forwarded URL = null
   Redirected URL = null
          Cookies = []
]]></system-out>
  <system-err><![CDATA[]]></system-err>
</testsuite>
