<?xml version="1.0" encoding="UTF-8"?>
<testsuite name="com.github.ivacoronel.server.services.DiaryServiceTest" tests="5" skipped="0" failures="0" errors="0" timestamp="2025-06-10T03:38:53" hostname="gercos" time="0.106">
  <properties/>
  <testcase name="removeByUsernameAndEntryname" classname="com.github.ivacoronel.server.services.DiaryServiceTest" time="0.03"/>
  <testcase name="add" classname="com.github.ivacoronel.server.services.DiaryServiceTest" time="0.054"/>
  <testcase name="fetch" classname="com.github.ivacoronel.server.services.DiaryServiceTest" time="0.004"/>
  <testcase name="removeAll" classname="com.github.ivacoronel.server.services.DiaryServiceTest" time="0.005"/>
  <testcase name="fetchByUsername" classname="com.github.ivacoronel.server.services.DiaryServiceTest" time="0.005"/>
  <system-out><![CDATA[2025-06-10 00:38:53.208  INFO 20863 --- [    Test worker] o.s.t.c.support.AbstractContextLoader    : Could not detect default resource locations for test class [com.github.ivacoronel.server.services.DiaryServiceTest]: no resource found for suffixes {-context.xml, Context.groovy}.
2025-06-10 00:38:53.223  INFO 20863 --- [    Test worker] .b.t.c.SpringBootTestContextBootstrapper : Loaded default TestExecutionListener class names from location [META-INF/spring.factories]: [org.springframework.security.test.context.support.WithSecurityContextTestExecutionListener, org.springframework.security.test.context.support.ReactorContextTestExecutionListener, org.springframework.boot.test.autoconfigure.restdocs.RestDocsTestExecutionListener, org.springframework.boot.test.autoconfigure.web.client.MockRestServiceServerResetTestExecutionListener, org.springframework.boot.test.autoconfigure.web.servlet.MockMvcPrintOnlyOnFailureTestExecutionListener, org.springframework.boot.test.autoconfigure.web.servlet.WebDriverTestExecutionListener, org.springframework.boot.test.autoconfigure.webservices.client.MockWebServiceServerTestExecutionListener, org.springframework.boot.test.mock.mockito.MockitoTestExecutionListener, org.springframework.boot.test.mock.mockito.ResetMocksTestExecutionListener, org.springframework.test.context.web.ServletTestExecutionListener, org.springframework.test.context.support.DirtiesContextBeforeModesTestExecutionListener, org.springframework.test.context.event.ApplicationEventsTestExecutionListener, org.springframework.test.context.support.DependencyInjectionTestExecutionListener, org.springframework.test.context.support.DirtiesContextTestExecutionListener, org.springframework.test.context.transaction.TransactionalTestExecutionListener, org.springframework.test.context.jdbc.SqlScriptsTestExecutionListener, org.springframework.test.context.event.EventPublishingTestExecutionListener]
2025-06-10 00:38:53.224  INFO 20863 --- [    Test worker] .b.t.c.SpringBootTestContextBootstrapper : Using TestExecutionListeners: [org.springframework.test.context.web.ServletTestExecutionListener@122335ed, org.springframework.test.context.support.DirtiesContextBeforeModesTestExecutionListener@2779692, org.springframework.test.context.event.ApplicationEventsTestExecutionListener@20980a1a, org.springframework.boot.test.mock.mockito.MockitoTestExecutionListener@685d5a66, org.springframework.boot.test.autoconfigure.SpringBootDependencyInjectionTestExecutionListener@635a86dd, org.springframework.test.context.support.DirtiesContextTestExecutionListener@5d275f22, org.springframework.test.context.transaction.TransactionalTestExecutionListener@3d0f4646, org.springframework.test.context.jdbc.SqlScriptsTestExecutionListener@3f03b5eb, org.springframework.security.test.context.support.WithSecurityContextTestExecutionListener@858b0b8, org.springframework.test.context.event.EventPublishingTestExecutionListener@6fe120de, org.springframework.security.test.context.support.ReactorContextTestExecutionListener@281b6612, org.springframework.boot.test.autoconfigure.restdocs.RestDocsTestExecutionListener@a953217, org.springframework.boot.test.autoconfigure.web.client.MockRestServiceServerResetTestExecutionListener@47858e8d, org.springframework.boot.test.autoconfigure.web.servlet.MockMvcPrintOnlyOnFailureTestExecutionListener@2104b173, org.springframework.boot.test.autoconfigure.web.servlet.WebDriverTestExecutionListener@525c68b7, org.springframework.boot.test.autoconfigure.webservices.client.MockWebServiceServerTestExecutionListener@717aed61, org.springframework.boot.test.mock.mockito.ResetMocksTestExecutionListener@1ae0f425]
2025-06-10 00:38:53.235  INFO 20863 --- [    Test worker] o.s.b.d.r.RestartApplicationListener     : Restart disabled due to context in which it is running

  _________            .__              ______________  __.  _____          __  .__     
 /   _____/____________|__| ____    ____\____    /    |/ _| /  _  \  __ ___/  |_|  |__  
 \_____  \\____ \_  __ \  |/    \  / ___\ /     /|      <  /  /_\  \|  |  \   __\  |  \ 
 /        \  |_> >  | \/  |   |  \/ /_/  >     /_|    |  \/    |    \  |  /|  | |   Y  \
/_______  /   __/|__|  |__|___|  /\___  /_______ \____|__ \____|__  /____/ |__| |___|  /
        \/|__|                 \//_____/        \/       \/       \/                 \/ 
::::  

2025-06-10 00:38:53.348  INFO 20863 --- [    Test worker] c.g.i.server.services.DiaryServiceTest   : Starting DiaryServiceTest using Java 11.0.17 on gercos with PID 20863 (started by ivana in /home/ivana/projects/SpringZKAuth)
2025-06-10 00:38:53.348  INFO 20863 --- [    Test worker] c.g.i.server.services.DiaryServiceTest   : No active profile set, falling back to 1 default profile: "default"
2025-06-10 00:38:53.353  INFO 20863 --- [    Test worker] o.s.c.c.c.ConfigServerConfigDataLoader   : Fetching config from server at : http://localhost:8888
2025-06-10 00:38:53.353  INFO 20863 --- [    Test worker] o.s.c.c.c.ConfigServerConfigDataLoader   : Connect Timeout Exception on Url - http://localhost:8888. Will be trying the next url if available
2025-06-10 00:38:53.353  WARN 20863 --- [    Test worker] o.s.c.c.c.ConfigServerConfigDataLoader   : Could not locate PropertySource ([ConfigServerConfigDataResource@2259b458 uris = array<String>['http://localhost:8888'], optional = true, profiles = list['default']]): I/O error on GET request for "http://localhost:8888/application/default": Conexión rehusada (Connection refused); nested exception is java.net.ConnectException: Conexión rehusada (Connection refused)
2025-06-10 00:38:53.663  INFO 20863 --- [    Test worker] c.g.i.server.services.DiaryServiceTest   : Started DiaryServiceTest in 0.428 seconds (JVM running for 9.329)
]]></system-out>
  <system-err><![CDATA[]]></system-err>
</testsuite>
