<?xml version="1.0" encoding="UTF-8"?>
<testsuite name="com.github.ivacoronel.server.services.DiaryServiceTest" tests="5" skipped="0" failures="0" errors="0" timestamp="2025-06-09T02:08:13" hostname="gercos" time="0.082">
  <properties/>
  <testcase name="removeByUsernameAndEntryname" classname="com.github.ivacoronel.server.services.DiaryServiceTest" time="0.026"/>
  <testcase name="add" classname="com.github.ivacoronel.server.services.DiaryServiceTest" time="0.038"/>
  <testcase name="fetch" classname="com.github.ivacoronel.server.services.DiaryServiceTest" time="0.003"/>
  <testcase name="removeAll" classname="com.github.ivacoronel.server.services.DiaryServiceTest" time="0.003"/>
  <testcase name="fetchByUsername" classname="com.github.ivacoronel.server.services.DiaryServiceTest" time="0.003"/>
  <system-out><![CDATA[2025-06-08 23:08:13.116  INFO 212079 --- [    Test worker] o.s.t.c.support.AbstractContextLoader    : Could not detect default resource locations for test class [com.github.ivacoronel.server.services.DiaryServiceTest]: no resource found for suffixes {-context.xml, Context.groovy}.
2025-06-08 23:08:13.131  INFO 212079 --- [    Test worker] .b.t.c.SpringBootTestContextBootstrapper : Loaded default TestExecutionListener class names from location [META-INF/spring.factories]: [org.springframework.security.test.context.support.WithSecurityContextTestExecutionListener, org.springframework.security.test.context.support.ReactorContextTestExecutionListener, org.springframework.boot.test.autoconfigure.restdocs.RestDocsTestExecutionListener, org.springframework.boot.test.autoconfigure.web.client.MockRestServiceServerResetTestExecutionListener, org.springframework.boot.test.autoconfigure.web.servlet.MockMvcPrintOnlyOnFailureTestExecutionListener, org.springframework.boot.test.autoconfigure.web.servlet.WebDriverTestExecutionListener, org.springframework.boot.test.autoconfigure.webservices.client.MockWebServiceServerTestExecutionListener, org.springframework.boot.test.mock.mockito.MockitoTestExecutionListener, org.springframework.boot.test.mock.mockito.ResetMocksTestExecutionListener, org.springframework.test.context.web.ServletTestExecutionListener, org.springframework.test.context.support.DirtiesContextBeforeModesTestExecutionListener, org.springframework.test.context.event.ApplicationEventsTestExecutionListener, org.springframework.test.context.support.DependencyInjectionTestExecutionListener, org.springframework.test.context.support.DirtiesContextTestExecutionListener, org.springframework.test.context.transaction.TransactionalTestExecutionListener, org.springframework.test.context.jdbc.SqlScriptsTestExecutionListener, org.springframework.test.context.event.EventPublishingTestExecutionListener]
2025-06-08 23:08:13.132  INFO 212079 --- [    Test worker] .b.t.c.SpringBootTestContextBootstrapper : Using TestExecutionListeners: [org.springframework.test.context.web.ServletTestExecutionListener@244c3d74, org.springframework.test.context.support.DirtiesContextBeforeModesTestExecutionListener@256bfd9d, org.springframework.test.context.event.ApplicationEventsTestExecutionListener@4d90820, org.springframework.boot.test.mock.mockito.MockitoTestExecutionListener@56e5a309, org.springframework.boot.test.autoconfigure.SpringBootDependencyInjectionTestExecutionListener@1307833c, org.springframework.test.context.support.DirtiesContextTestExecutionListener@69fa03d4, org.springframework.test.context.transaction.TransactionalTestExecutionListener@25ae8ec3, org.springframework.test.context.jdbc.SqlScriptsTestExecutionListener@5ea89c94, org.springframework.security.test.context.support.WithSecurityContextTestExecutionListener@7119fa1e, org.springframework.test.context.event.EventPublishingTestExecutionListener@48c4b34a, org.springframework.security.test.context.support.ReactorContextTestExecutionListener@194df407, org.springframework.boot.test.autoconfigure.restdocs.RestDocsTestExecutionListener@39b8786, org.springframework.boot.test.autoconfigure.web.client.MockRestServiceServerResetTestExecutionListener@3dec54e1, org.springframework.boot.test.autoconfigure.web.servlet.MockMvcPrintOnlyOnFailureTestExecutionListener@50dfeef5, org.springframework.boot.test.autoconfigure.web.servlet.WebDriverTestExecutionListener@2644c525, org.springframework.boot.test.autoconfigure.webservices.client.MockWebServiceServerTestExecutionListener@79bcd1dc, org.springframework.boot.test.mock.mockito.ResetMocksTestExecutionListener@26a8c956]
2025-06-08 23:08:13.142  INFO 212079 --- [    Test worker] o.s.b.d.r.RestartApplicationListener     : Restart disabled due to context in which it is running

  _________            .__              ______________  __.  _____          __  .__     
 /   _____/____________|__| ____    ____\____    /    |/ _| /  _  \  __ ___/  |_|  |__  
 \_____  \\____ \_  __ \  |/    \  / ___\ /     /|      <  /  /_\  \|  |  \   __\  |  \ 
 /        \  |_> >  | \/  |   |  \/ /_/  >     /_|    |  \/    |    \  |  /|  | |   Y  \
/_______  /   __/|__|  |__|___|  /\___  /_______ \____|__ \____|__  /____/ |__| |___|  /
        \/|__|                 \//_____/        \/       \/       \/                 \/ 
::::  

2025-06-08 23:08:13.262  INFO 212079 --- [    Test worker] c.g.i.server.services.DiaryServiceTest   : Starting DiaryServiceTest using Java 11.0.27 on gercos with PID 212079 (started by ivana in /home/ivana/projects/SpringZKAuth)
2025-06-08 23:08:13.262  INFO 212079 --- [    Test worker] c.g.i.server.services.DiaryServiceTest   : No active profile set, falling back to 1 default profile: "default"
2025-06-08 23:08:13.266  INFO 212079 --- [    Test worker] o.s.c.c.c.ConfigServerConfigDataLoader   : Fetching config from server at : http://localhost:8888
2025-06-08 23:08:13.266  INFO 212079 --- [    Test worker] o.s.c.c.c.ConfigServerConfigDataLoader   : Connect Timeout Exception on Url - http://localhost:8888. Will be trying the next url if available
2025-06-08 23:08:13.266  WARN 212079 --- [    Test worker] o.s.c.c.c.ConfigServerConfigDataLoader   : Could not locate PropertySource ([ConfigServerConfigDataResource@c78efd7 uris = array<String>['http://localhost:8888'], optional = true, profiles = list['default']]): I/O error on GET request for "http://localhost:8888/application/default": Conexión rehusada (Connection refused); nested exception is java.net.ConnectException: Conexión rehusada (Connection refused)
2025-06-08 23:08:13.560  INFO 212079 --- [    Test worker] c.g.i.server.services.DiaryServiceTest   : Started DiaryServiceTest in 0.417 seconds (JVM running for 9.149)
]]></system-out>
  <system-err><![CDATA[]]></system-err>
</testsuite>
