<?xml version="1.0" encoding="UTF-8"?>
<testsuite name="com.github.ivacoronel.server.services.mapping.MappingValidateTest" tests="1" skipped="0" failures="0" errors="0" timestamp="2025-06-10T03:38:54" hostname="gercos" time="0.002">
  <properties/>
  <testcase name="mapperValidationShouldSuccess" classname="com.github.ivacoronel.server.services.mapping.MappingValidateTest" time="0.002"/>
  <system-out><![CDATA[2025-06-10 00:38:54.166  INFO 20863 --- [    Test worker] o.s.t.c.s.DefaultTestContextBootstrapper : Neither @ContextConfiguration nor @ContextHierarchy found for test class [com.github.ivacoronel.server.services.mapping.MappingValidateTest], using DelegatingSmartContextLoader
2025-06-10 00:38:54.168  INFO 20863 --- [    Test worker] o.s.t.c.support.AbstractContextLoader    : Could not detect default resource locations for test class [com.github.ivacoronel.server.services.mapping.MappingValidateTest]: no resource found for suffixes {-context.xml}.
2025-06-10 00:38:54.168  INFO 20863 --- [    Test worker] t.c.s.AnnotationConfigContextLoaderUtils : Could not detect default configuration classes for test class [com.github.ivacoronel.server.services.mapping.MappingValidateTest]: MappingValidateTest does not declare any static, non-private, non-final, nested classes annotated with @Configuration.
2025-06-10 00:38:54.170  INFO 20863 --- [    Test worker] o.s.t.c.s.DefaultTestContextBootstrapper : Loaded default TestExecutionListener class names from location [META-INF/spring.factories]: [org.springframework.security.test.context.support.WithSecurityContextTestExecutionListener, org.springframework.security.test.context.support.ReactorContextTestExecutionListener, org.springframework.boot.test.autoconfigure.restdocs.RestDocsTestExecutionListener, org.springframework.boot.test.autoconfigure.web.client.MockRestServiceServerResetTestExecutionListener, org.springframework.boot.test.autoconfigure.web.servlet.MockMvcPrintOnlyOnFailureTestExecutionListener, org.springframework.boot.test.autoconfigure.web.servlet.WebDriverTestExecutionListener, org.springframework.boot.test.autoconfigure.webservices.client.MockWebServiceServerTestExecutionListener, org.springframework.boot.test.mock.mockito.MockitoTestExecutionListener, org.springframework.boot.test.mock.mockito.ResetMocksTestExecutionListener, org.springframework.test.context.web.ServletTestExecutionListener, org.springframework.test.context.support.DirtiesContextBeforeModesTestExecutionListener, org.springframework.test.context.event.ApplicationEventsTestExecutionListener, org.springframework.test.context.support.DependencyInjectionTestExecutionListener, org.springframework.test.context.support.DirtiesContextTestExecutionListener, org.springframework.test.context.transaction.TransactionalTestExecutionListener, org.springframework.test.context.jdbc.SqlScriptsTestExecutionListener, org.springframework.test.context.event.EventPublishingTestExecutionListener]
2025-06-10 00:38:54.171  INFO 20863 --- [    Test worker] o.s.t.c.s.DefaultTestContextBootstrapper : Using TestExecutionListeners: [org.springframework.test.context.web.ServletTestExecutionListener@59f46c1a, org.springframework.test.context.support.DirtiesContextBeforeModesTestExecutionListener@53be802b, org.springframework.test.context.event.ApplicationEventsTestExecutionListener@50930add, org.springframework.boot.test.mock.mockito.MockitoTestExecutionListener@1d1035ec, org.springframework.test.context.support.DependencyInjectionTestExecutionListener@67fe0ee8, org.springframework.test.context.support.DirtiesContextTestExecutionListener@406675e4, org.springframework.test.context.transaction.TransactionalTestExecutionListener@8eb4ad7, org.springframework.test.context.jdbc.SqlScriptsTestExecutionListener@1448b173, org.springframework.security.test.context.support.WithSecurityContextTestExecutionListener@3d6645c, org.springframework.test.context.event.EventPublishingTestExecutionListener@70ece897, org.springframework.security.test.context.support.ReactorContextTestExecutionListener@2283a9af, org.springframework.boot.test.autoconfigure.restdocs.RestDocsTestExecutionListener@739157a5, org.springframework.boot.test.autoconfigure.web.client.MockRestServiceServerResetTestExecutionListener@4355290f, org.springframework.boot.test.autoconfigure.web.servlet.MockMvcPrintOnlyOnFailureTestExecutionListener@54ead9a2, org.springframework.boot.test.autoconfigure.web.servlet.WebDriverTestExecutionListener@6b9bcc41, org.springframework.boot.test.autoconfigure.webservices.client.MockWebServiceServerTestExecutionListener@124e82e8, org.springframework.boot.test.mock.mockito.ResetMocksTestExecutionListener@78b9ccff]
]]></system-out>
  <system-err><![CDATA[]]></system-err>
</testsuite>
