<?xml version="1.0" encoding="UTF-8"?>
<testsuite name="com.github.ivacoronel.server.services.mapping.MappingValidateTest" tests="1" skipped="0" failures="0" errors="0" timestamp="2025-06-09T02:08:14" hostname="gercos" time="0.001">
  <properties/>
  <testcase name="mapperValidationShouldSuccess" classname="com.github.ivacoronel.server.services.mapping.MappingValidateTest" time="0.001"/>
  <system-out><![CDATA[2025-06-08 23:08:14.090  INFO 212079 --- [    Test worker] o.s.t.c.s.DefaultTestContextBootstrapper : Neither @ContextConfiguration nor @ContextHierarchy found for test class [com.github.ivacoronel.server.services.mapping.MappingValidateTest], using DelegatingSmartContextLoader
2025-06-08 23:08:14.091  INFO 212079 --- [    Test worker] o.s.t.c.support.AbstractContextLoader    : Could not detect default resource locations for test class [com.github.ivacoronel.server.services.mapping.MappingValidateTest]: no resource found for suffixes {-context.xml}.
2025-06-08 23:08:14.092  INFO 212079 --- [    Test worker] t.c.s.AnnotationConfigContextLoaderUtils : Could not detect default configuration classes for test class [com.github.ivacoronel.server.services.mapping.MappingValidateTest]: MappingValidateTest does not declare any static, non-private, non-final, nested classes annotated with @Configuration.
2025-06-08 23:08:14.094  INFO 212079 --- [    Test worker] o.s.t.c.s.DefaultTestContextBootstrapper : Loaded default TestExecutionListener class names from location [META-INF/spring.factories]: [org.springframework.security.test.context.support.WithSecurityContextTestExecutionListener, org.springframework.security.test.context.support.ReactorContextTestExecutionListener, org.springframework.boot.test.autoconfigure.restdocs.RestDocsTestExecutionListener, org.springframework.boot.test.autoconfigure.web.client.MockRestServiceServerResetTestExecutionListener, org.springframework.boot.test.autoconfigure.web.servlet.MockMvcPrintOnlyOnFailureTestExecutionListener, org.springframework.boot.test.autoconfigure.web.servlet.WebDriverTestExecutionListener, org.springframework.boot.test.autoconfigure.webservices.client.MockWebServiceServerTestExecutionListener, org.springframework.boot.test.mock.mockito.MockitoTestExecutionListener, org.springframework.boot.test.mock.mockito.ResetMocksTestExecutionListener, org.springframework.test.context.web.ServletTestExecutionListener, org.springframework.test.context.support.DirtiesContextBeforeModesTestExecutionListener, org.springframework.test.context.event.ApplicationEventsTestExecutionListener, org.springframework.test.context.support.DependencyInjectionTestExecutionListener, org.springframework.test.context.support.DirtiesContextTestExecutionListener, org.springframework.test.context.transaction.TransactionalTestExecutionListener, org.springframework.test.context.jdbc.SqlScriptsTestExecutionListener, org.springframework.test.context.event.EventPublishingTestExecutionListener]
2025-06-08 23:08:14.095  INFO 212079 --- [    Test worker] o.s.t.c.s.DefaultTestContextBootstrapper : Using TestExecutionListeners: [org.springframework.test.context.web.ServletTestExecutionListener@394006b1, org.springframework.test.context.support.DirtiesContextBeforeModesTestExecutionListener@4c69695b, org.springframework.test.context.event.ApplicationEventsTestExecutionListener@4186c8ce, org.springframework.boot.test.mock.mockito.MockitoTestExecutionListener@3d013c49, org.springframework.test.context.support.DependencyInjectionTestExecutionListener@44dd0d6, org.springframework.test.context.support.DirtiesContextTestExecutionListener@36952b5, org.springframework.test.context.transaction.TransactionalTestExecutionListener@745e3aae, org.springframework.test.context.jdbc.SqlScriptsTestExecutionListener@4009a318, org.springframework.security.test.context.support.WithSecurityContextTestExecutionListener@2a2810af, org.springframework.test.context.event.EventPublishingTestExecutionListener@631d13a5, org.springframework.security.test.context.support.ReactorContextTestExecutionListener@6613ce22, org.springframework.boot.test.autoconfigure.restdocs.RestDocsTestExecutionListener@6b8fb09b, org.springframework.boot.test.autoconfigure.web.client.MockRestServiceServerResetTestExecutionListener@148682d, org.springframework.boot.test.autoconfigure.web.servlet.MockMvcPrintOnlyOnFailureTestExecutionListener@ac3c39a, org.springframework.boot.test.autoconfigure.web.servlet.WebDriverTestExecutionListener@72596e3e, org.springframework.boot.test.autoconfigure.webservices.client.MockWebServiceServerTestExecutionListener@64c40386, org.springframework.boot.test.mock.mockito.ResetMocksTestExecutionListener@260f1633]
]]></system-out>
  <system-err><![CDATA[]]></system-err>
</testsuite>
