<?xml version="1.0" encoding="UTF-8"?>
<testsuite name="com.github.ivacoronel.server.services.mapping.UserMappingTest" tests="1" skipped="0" failures="0" errors="0" timestamp="2025-06-09T02:08:14" hostname="gercos" time="0.003">
  <properties/>
  <testcase name="productDtoToEntityMappedSuccess" classname="com.github.ivacoronel.server.services.mapping.UserMappingTest" time="0.003"/>
  <system-out><![CDATA[2025-06-08 23:08:14.132  INFO 212079 --- [    Test worker] o.s.t.c.s.DefaultTestContextBootstrapper : Neither @ContextConfiguration nor @ContextHierarchy found for test class [com.github.ivacoronel.server.services.mapping.UserMappingTest], using DelegatingSmartContextLoader
2025-06-08 23:08:14.133  INFO 212079 --- [    Test worker] o.s.t.c.support.AbstractContextLoader    : Could not detect default resource locations for test class [com.github.ivacoronel.server.services.mapping.UserMappingTest]: no resource found for suffixes {-context.xml}.
2025-06-08 23:08:14.133  INFO 212079 --- [    Test worker] t.c.s.AnnotationConfigContextLoaderUtils : Could not detect default configuration classes for test class [com.github.ivacoronel.server.services.mapping.UserMappingTest]: UserMappingTest does not declare any static, non-private, non-final, nested classes annotated with @Configuration.
2025-06-08 23:08:14.135  INFO 212079 --- [    Test worker] o.s.t.c.s.DefaultTestContextBootstrapper : Loaded default TestExecutionListener class names from location [META-INF/spring.factories]: [org.springframework.security.test.context.support.WithSecurityContextTestExecutionListener, org.springframework.security.test.context.support.ReactorContextTestExecutionListener, org.springframework.boot.test.autoconfigure.restdocs.RestDocsTestExecutionListener, org.springframework.boot.test.autoconfigure.web.client.MockRestServiceServerResetTestExecutionListener, org.springframework.boot.test.autoconfigure.web.servlet.MockMvcPrintOnlyOnFailureTestExecutionListener, org.springframework.boot.test.autoconfigure.web.servlet.WebDriverTestExecutionListener, org.springframework.boot.test.autoconfigure.webservices.client.MockWebServiceServerTestExecutionListener, org.springframework.boot.test.mock.mockito.MockitoTestExecutionListener, org.springframework.boot.test.mock.mockito.ResetMocksTestExecutionListener, org.springframework.test.context.web.ServletTestExecutionListener, org.springframework.test.context.support.DirtiesContextBeforeModesTestExecutionListener, org.springframework.test.context.event.ApplicationEventsTestExecutionListener, org.springframework.test.context.support.DependencyInjectionTestExecutionListener, org.springframework.test.context.support.DirtiesContextTestExecutionListener, org.springframework.test.context.transaction.TransactionalTestExecutionListener, org.springframework.test.context.jdbc.SqlScriptsTestExecutionListener, org.springframework.test.context.event.EventPublishingTestExecutionListener]
2025-06-08 23:08:14.136  INFO 212079 --- [    Test worker] o.s.t.c.s.DefaultTestContextBootstrapper : Using TestExecutionListeners: [org.springframework.test.context.web.ServletTestExecutionListener@19a2dad8, org.springframework.test.context.support.DirtiesContextBeforeModesTestExecutionListener@2264cf5f, org.springframework.test.context.event.ApplicationEventsTestExecutionListener@7519a939, org.springframework.boot.test.mock.mockito.MockitoTestExecutionListener@1d226f1, org.springframework.test.context.support.DependencyInjectionTestExecutionListener@e294809, org.springframework.test.context.support.DirtiesContextTestExecutionListener@a3370a4, org.springframework.test.context.transaction.TransactionalTestExecutionListener@32db50ba, org.springframework.test.context.jdbc.SqlScriptsTestExecutionListener@22ae1dbe, org.springframework.security.test.context.support.WithSecurityContextTestExecutionListener@660360e2, org.springframework.test.context.event.EventPublishingTestExecutionListener@77a48ad6, org.springframework.security.test.context.support.ReactorContextTestExecutionListener@1f125a18, org.springframework.boot.test.autoconfigure.restdocs.RestDocsTestExecutionListener@4d83e7a9, org.springframework.boot.test.autoconfigure.web.client.MockRestServiceServerResetTestExecutionListener@30fa9a8b, org.springframework.boot.test.autoconfigure.web.servlet.MockMvcPrintOnlyOnFailureTestExecutionListener@635b5478, org.springframework.boot.test.autoconfigure.web.servlet.WebDriverTestExecutionListener@6e940091, org.springframework.boot.test.autoconfigure.webservices.client.MockWebServiceServerTestExecutionListener@3c781c45, org.springframework.boot.test.mock.mockito.ResetMocksTestExecutionListener@58b2f783]
]]></system-out>
  <system-err><![CDATA[]]></system-err>
</testsuite>
