<?xml version="1.0" encoding="UTF-8"?>
<testsuite name="com.github.ivacoronel.server.services.mapping.UserMappingTest" tests="1" skipped="0" failures="0" errors="0" timestamp="2025-06-10T03:38:54" hostname="gercos" time="0.002">
  <properties/>
  <testcase name="productDtoToEntityMappedSuccess" classname="com.github.ivacoronel.server.services.mapping.UserMappingTest" time="0.002"/>
  <system-out><![CDATA[2025-06-10 00:38:54.205  INFO 20863 --- [    Test worker] o.s.t.c.s.DefaultTestContextBootstrapper : Neither @ContextConfiguration nor @ContextHierarchy found for test class [com.github.ivacoronel.server.services.mapping.UserMappingTest], using DelegatingSmartContextLoader
2025-06-10 00:38:54.206  INFO 20863 --- [    Test worker] o.s.t.c.support.AbstractContextLoader    : Could not detect default resource locations for test class [com.github.ivacoronel.server.services.mapping.UserMappingTest]: no resource found for suffixes {-context.xml}.
2025-06-10 00:38:54.206  INFO 20863 --- [    Test worker] t.c.s.AnnotationConfigContextLoaderUtils : Could not detect default configuration classes for test class [com.github.ivacoronel.server.services.mapping.UserMappingTest]: UserMappingTest does not declare any static, non-private, non-final, nested classes annotated with @Configuration.
2025-06-10 00:38:54.208  INFO 20863 --- [    Test worker] o.s.t.c.s.DefaultTestContextBootstrapper : Loaded default TestExecutionListener class names from location [META-INF/spring.factories]: [org.springframework.security.test.context.support.WithSecurityContextTestExecutionListener, org.springframework.security.test.context.support.ReactorContextTestExecutionListener, org.springframework.boot.test.autoconfigure.restdocs.RestDocsTestExecutionListener, org.springframework.boot.test.autoconfigure.web.client.MockRestServiceServerResetTestExecutionListener, org.springframework.boot.test.autoconfigure.web.servlet.MockMvcPrintOnlyOnFailureTestExecutionListener, org.springframework.boot.test.autoconfigure.web.servlet.WebDriverTestExecutionListener, org.springframework.boot.test.autoconfigure.webservices.client.MockWebServiceServerTestExecutionListener, org.springframework.boot.test.mock.mockito.MockitoTestExecutionListener, org.springframework.boot.test.mock.mockito.ResetMocksTestExecutionListener, org.springframework.test.context.web.ServletTestExecutionListener, org.springframework.test.context.support.DirtiesContextBeforeModesTestExecutionListener, org.springframework.test.context.event.ApplicationEventsTestExecutionListener, org.springframework.test.context.support.DependencyInjectionTestExecutionListener, org.springframework.test.context.support.DirtiesContextTestExecutionListener, org.springframework.test.context.transaction.TransactionalTestExecutionListener, org.springframework.test.context.jdbc.SqlScriptsTestExecutionListener, org.springframework.test.context.event.EventPublishingTestExecutionListener]
2025-06-10 00:38:54.209  INFO 20863 --- [    Test worker] o.s.t.c.s.DefaultTestContextBootstrapper : Using TestExecutionListeners: [org.springframework.test.context.web.ServletTestExecutionListener@17a448bd, org.springframework.test.context.support.DirtiesContextBeforeModesTestExecutionListener@25587419, org.springframework.test.context.event.ApplicationEventsTestExecutionListener@308e6b67, org.springframework.boot.test.mock.mockito.MockitoTestExecutionListener@3ed5c9bc, org.springframework.test.context.support.DependencyInjectionTestExecutionListener@b019f7b, org.springframework.test.context.support.DirtiesContextTestExecutionListener@6d9fcabe, org.springframework.test.context.transaction.TransactionalTestExecutionListener@2e895139, org.springframework.test.context.jdbc.SqlScriptsTestExecutionListener@3e01e57d, org.springframework.security.test.context.support.WithSecurityContextTestExecutionListener@397c5f81, org.springframework.test.context.event.EventPublishingTestExecutionListener@2aa5b82a, org.springframework.security.test.context.support.ReactorContextTestExecutionListener@4ec134de, org.springframework.boot.test.autoconfigure.restdocs.RestDocsTestExecutionListener@7fda0a76, org.springframework.boot.test.autoconfigure.web.client.MockRestServiceServerResetTestExecutionListener@2401c25b, org.springframework.boot.test.autoconfigure.web.servlet.MockMvcPrintOnlyOnFailureTestExecutionListener@23e25a19, org.springframework.boot.test.autoconfigure.web.servlet.WebDriverTestExecutionListener@6442fd7f, org.springframework.boot.test.autoconfigure.webservices.client.MockWebServiceServerTestExecutionListener@4be4d23b, org.springframework.boot.test.mock.mockito.ResetMocksTestExecutionListener@615dc206]
]]></system-out>
  <system-err><![CDATA[]]></system-err>
</testsuite>
