<?xml version="1.0" encoding="UTF-8"?>
<testsuite name="com.github.ivacoronel.server.services.UserServiceTest" tests="12" skipped="0" failures="0" errors="0" timestamp="2025-06-10T03:38:54" hostname="gercos" time="0.125">
  <properties/>
  <testcase name="fetchWaitToValidate" classname="com.github.ivacoronel.server.services.UserServiceTest" time="0.022"/>
  <testcase name="findByNameExistingUser" classname="com.github.ivacoronel.server.services.UserServiceTest" time="0.007"/>
  <testcase name="removeByName" classname="com.github.ivacoronel.server.services.UserServiceTest" time="0.012"/>
  <testcase name="removeByNameNoSecret" classname="com.github.ivacoronel.server.services.UserServiceTest" time="0.015"/>
  <testcase name="verifyIncorrect" classname="com.github.ivacoronel.server.services.UserServiceTest" time="0.009"/>
  <testcase name="register" classname="com.github.ivacoronel.server.services.UserServiceTest" time="0.002"/>
  <testcase name="fetch" classname="com.github.ivacoronel.server.services.UserServiceTest" time="0.009"/>
  <testcase name="generateServerSecret" classname="com.github.ivacoronel.server.services.UserServiceTest" time="0.003"/>
  <testcase name="removeNonExistentUser" classname="com.github.ivacoronel.server.services.UserServiceTest" time="0.003"/>
  <testcase name="fetchAuthenticationError" classname="com.github.ivacoronel.server.services.UserServiceTest" time="0.009"/>
  <testcase name="verifyCorrect" classname="com.github.ivacoronel.server.services.UserServiceTest" time="0.007"/>
  <testcase name="fetchNoSecret" classname="com.github.ivacoronel.server.services.UserServiceTest" time="0.005"/>
  <system-out><![CDATA[2025-06-10 00:38:53.800  INFO 20863 --- [    Test worker] o.s.t.c.support.AbstractContextLoader    : Could not detect default resource locations for test class [com.github.ivacoronel.server.services.UserServiceTest]: no resource found for suffixes {-context.xml, Context.groovy}.
2025-06-10 00:38:53.806  INFO 20863 --- [    Test worker] .b.t.c.SpringBootTestContextBootstrapper : Loaded default TestExecutionListener class names from location [META-INF/spring.factories]: [org.springframework.security.test.context.support.WithSecurityContextTestExecutionListener, org.springframework.security.test.context.support.ReactorContextTestExecutionListener, org.springframework.boot.test.autoconfigure.restdocs.RestDocsTestExecutionListener, org.springframework.boot.test.autoconfigure.web.client.MockRestServiceServerResetTestExecutionListener, org.springframework.boot.test.autoconfigure.web.servlet.MockMvcPrintOnlyOnFailureTestExecutionListener, org.springframework.boot.test.autoconfigure.web.servlet.WebDriverTestExecutionListener, org.springframework.boot.test.autoconfigure.webservices.client.MockWebServiceServerTestExecutionListener, org.springframework.boot.test.mock.mockito.MockitoTestExecutionListener, org.springframework.boot.test.mock.mockito.ResetMocksTestExecutionListener, org.springframework.test.context.web.ServletTestExecutionListener, org.springframework.test.context.support.DirtiesContextBeforeModesTestExecutionListener, org.springframework.test.context.event.ApplicationEventsTestExecutionListener, org.springframework.test.context.support.DependencyInjectionTestExecutionListener, org.springframework.test.context.support.DirtiesContextTestExecutionListener, org.springframework.test.context.transaction.TransactionalTestExecutionListener, org.springframework.test.context.jdbc.SqlScriptsTestExecutionListener, org.springframework.test.context.event.EventPublishingTestExecutionListener]
2025-06-10 00:38:53.808  INFO 20863 --- [    Test worker] .b.t.c.SpringBootTestContextBootstrapper : Using TestExecutionListeners: [org.springframework.test.context.web.ServletTestExecutionListener@66171a3a, org.springframework.test.context.support.DirtiesContextBeforeModesTestExecutionListener@5e32717c, org.springframework.test.context.event.ApplicationEventsTestExecutionListener@64d9d72b, org.springframework.boot.test.mock.mockito.MockitoTestExecutionListener@285335b4, org.springframework.boot.test.autoconfigure.SpringBootDependencyInjectionTestExecutionListener@76cb3c4e, org.springframework.test.context.support.DirtiesContextTestExecutionListener@3bbf1a7a, org.springframework.test.context.transaction.TransactionalTestExecutionListener@1175e2a9, org.springframework.test.context.jdbc.SqlScriptsTestExecutionListener@203a8ba6, org.springframework.security.test.context.support.WithSecurityContextTestExecutionListener@f3cfaa3, org.springframework.test.context.event.EventPublishingTestExecutionListener@4c134df4, org.springframework.security.test.context.support.ReactorContextTestExecutionListener@72cd9e75, org.springframework.boot.test.autoconfigure.restdocs.RestDocsTestExecutionListener@6de4c31, org.springframework.boot.test.autoconfigure.web.client.MockRestServiceServerResetTestExecutionListener@6e5f47ab, org.springframework.boot.test.autoconfigure.web.servlet.MockMvcPrintOnlyOnFailureTestExecutionListener@3875db79, org.springframework.boot.test.autoconfigure.web.servlet.WebDriverTestExecutionListener@2655d434, org.springframework.boot.test.autoconfigure.webservices.client.MockWebServiceServerTestExecutionListener@521eab0b, org.springframework.boot.test.mock.mockito.ResetMocksTestExecutionListener@46e8ccfc]
2025-06-10 00:38:53.811  INFO 20863 --- [    Test worker] o.s.b.d.r.RestartApplicationListener     : Restart disabled due to context in which it is running

  _________            .__              ______________  __.  _____          __  .__     
 /   _____/____________|__| ____    ____\____    /    |/ _| /  _  \  __ ___/  |_|  |__  
 \_____  \\____ \_  __ \  |/    \  / ___\ /     /|      <  /  /_\  \|  |  \   __\  |  \ 
 /        \  |_> >  | \/  |   |  \/ /_/  >     /_|    |  \/    |    \  |  /|  | |   Y  \
/_______  /   __/|__|  |__|___|  /\___  /_______ \____|__ \____|__  /____/ |__| |___|  /
        \/|__|                 \//_____/        \/       \/       \/                 \/ 
::::  

2025-06-10 00:38:53.889  INFO 20863 --- [    Test worker] c.g.i.server.services.UserServiceTest    : Starting UserServiceTest using Java 11.0.17 on gercos with PID 20863 (started by ivana in /home/ivana/projects/SpringZKAuth)
2025-06-10 00:38:53.889  INFO 20863 --- [    Test worker] c.g.i.server.services.UserServiceTest    : No active profile set, falling back to 1 default profile: "default"
2025-06-10 00:38:53.892  INFO 20863 --- [    Test worker] o.s.c.c.c.ConfigServerConfigDataLoader   : Fetching config from server at : http://localhost:8888
2025-06-10 00:38:53.893  INFO 20863 --- [    Test worker] o.s.c.c.c.ConfigServerConfigDataLoader   : Connect Timeout Exception on Url - http://localhost:8888. Will be trying the next url if available
2025-06-10 00:38:53.893  WARN 20863 --- [    Test worker] o.s.c.c.c.ConfigServerConfigDataLoader   : Could not locate PropertySource ([ConfigServerConfigDataResource@4b4db1a7 uris = array<String>['http://localhost:8888'], optional = true, profiles = list['default']]): I/O error on GET request for "http://localhost:8888/application/default": Conexión rehusada (Connection refused); nested exception is java.net.ConnectException: Conexión rehusada (Connection refused)
2025-06-10 00:38:54.030  INFO 20863 --- [    Test worker] c.g.i.server.services.UserServiceTest    : Started UserServiceTest in 0.22 seconds (JVM running for 9.696)
]]></system-out>
  <system-err><![CDATA[]]></system-err>
</testsuite>
