<?xml version="1.0" encoding="UTF-8"?>
<testsuite name="com.github.ivacoronel.server.services.mapping.UserMappingTest" tests="1" skipped="0" failures="0" errors="0" timestamp="2025-06-10T03:28:18" hostname="gercos" time="0.002">
  <properties/>
  <testcase name="productDtoToEntityMappedSuccess" classname="com.github.ivacoronel.server.services.mapping.UserMappingTest" time="0.002"/>
  <system-out><![CDATA[2025-06-10 00:28:18.771  INFO 19858 --- [    Test worker] o.s.t.c.s.DefaultTestContextBootstrapper : Neither @ContextConfiguration nor @ContextHierarchy found for test class [com.github.ivacoronel.server.services.mapping.UserMappingTest], using DelegatingSmartContextLoader
2025-06-10 00:28:18.771  INFO 19858 --- [    Test worker] o.s.t.c.support.AbstractContextLoader    : Could not detect default resource locations for test class [com.github.ivacoronel.server.services.mapping.UserMappingTest]: no resource found for suffixes {-context.xml}.
2025-06-10 00:28:18.772  INFO 19858 --- [    Test worker] t.c.s.AnnotationConfigContextLoaderUtils : Could not detect default configuration classes for test class [com.github.ivacoronel.server.services.mapping.UserMappingTest]: UserMappingTest does not declare any static, non-private, non-final, nested classes annotated with @Configuration.
2025-06-10 00:28:18.773  INFO 19858 --- [    Test worker] o.s.t.c.s.DefaultTestContextBootstrapper : Loaded default TestExecutionListener class names from location [META-INF/spring.factories]: [org.springframework.security.test.context.support.WithSecurityContextTestExecutionListener, org.springframework.security.test.context.support.ReactorContextTestExecutionListener, org.springframework.boot.test.autoconfigure.restdocs.RestDocsTestExecutionListener, org.springframework.boot.test.autoconfigure.web.client.MockRestServiceServerResetTestExecutionListener, org.springframework.boot.test.autoconfigure.web.servlet.MockMvcPrintOnlyOnFailureTestExecutionListener, org.springframework.boot.test.autoconfigure.web.servlet.WebDriverTestExecutionListener, org.springframework.boot.test.autoconfigure.webservices.client.MockWebServiceServerTestExecutionListener, org.springframework.boot.test.mock.mockito.MockitoTestExecutionListener, org.springframework.boot.test.mock.mockito.ResetMocksTestExecutionListener, org.springframework.test.context.web.ServletTestExecutionListener, org.springframework.test.context.support.DirtiesContextBeforeModesTestExecutionListener, org.springframework.test.context.event.ApplicationEventsTestExecutionListener, org.springframework.test.context.support.DependencyInjectionTestExecutionListener, org.springframework.test.context.support.DirtiesContextTestExecutionListener, org.springframework.test.context.transaction.TransactionalTestExecutionListener, org.springframework.test.context.jdbc.SqlScriptsTestExecutionListener, org.springframework.test.context.event.EventPublishingTestExecutionListener]
2025-06-10 00:28:18.774  INFO 19858 --- [    Test worker] o.s.t.c.s.DefaultTestContextBootstrapper : Using TestExecutionListeners: [org.springframework.test.context.web.ServletTestExecutionListener@49cf7020, org.springframework.test.context.support.DirtiesContextBeforeModesTestExecutionListener@cc3201d, org.springframework.test.context.event.ApplicationEventsTestExecutionListener@6b9cb92b, org.springframework.boot.test.mock.mockito.MockitoTestExecutionListener@17a448bd, org.springframework.test.context.support.DependencyInjectionTestExecutionListener@25587419, org.springframework.test.context.support.DirtiesContextTestExecutionListener@308e6b67, org.springframework.test.context.transaction.TransactionalTestExecutionListener@3ed5c9bc, org.springframework.test.context.jdbc.SqlScriptsTestExecutionListener@b019f7b, org.springframework.security.test.context.support.WithSecurityContextTestExecutionListener@6d9fcabe, org.springframework.test.context.event.EventPublishingTestExecutionListener@2e895139, org.springframework.security.test.context.support.ReactorContextTestExecutionListener@3e01e57d, org.springframework.boot.test.autoconfigure.restdocs.RestDocsTestExecutionListener@397c5f81, org.springframework.boot.test.autoconfigure.web.client.MockRestServiceServerResetTestExecutionListener@2aa5b82a, org.springframework.boot.test.autoconfigure.web.servlet.MockMvcPrintOnlyOnFailureTestExecutionListener@4ec134de, org.springframework.boot.test.autoconfigure.web.servlet.WebDriverTestExecutionListener@7fda0a76, org.springframework.boot.test.autoconfigure.webservices.client.MockWebServiceServerTestExecutionListener@2401c25b, org.springframework.boot.test.mock.mockito.ResetMocksTestExecutionListener@23e25a19]
]]></system-out>
  <system-err><![CDATA[]]></system-err>
</testsuite>
