<?xml version="1.0" encoding="UTF-8"?>
<testsuite name="com.github.ivacoronel.server.services.DiaryServiceTest" tests="5" skipped="0" failures="0" errors="0" timestamp="2025-06-10T03:28:18" hostname="gercos" time="0.112">
  <properties/>
  <testcase name="removeByUsernameAndEntryname" classname="com.github.ivacoronel.server.services.DiaryServiceTest" time="0.033"/>
  <testcase name="add" classname="com.github.ivacoronel.server.services.DiaryServiceTest" time="0.047"/>
  <testcase name="fetch" classname="com.github.ivacoronel.server.services.DiaryServiceTest" time="0.013"/>
  <testcase name="removeAll" classname="com.github.ivacoronel.server.services.DiaryServiceTest" time="0.005"/>
  <testcase name="fetchByUsername" classname="com.github.ivacoronel.server.services.DiaryServiceTest" time="0.005"/>
  <system-out><![CDATA[2025-06-10 00:28:17.695  INFO 19858 --- [    Test worker] o.s.t.c.support.AbstractContextLoader    : Could not detect default resource locations for test class [com.github.ivacoronel.server.services.DiaryServiceTest]: no resource found for suffixes {-context.xml, Context.groovy}.
2025-06-10 00:28:17.710  INFO 19858 --- [    Test worker] .b.t.c.SpringBootTestContextBootstrapper : Loaded default TestExecutionListener class names from location [META-INF/spring.factories]: [org.springframework.security.test.context.support.WithSecurityContextTestExecutionListener, org.springframework.security.test.context.support.ReactorContextTestExecutionListener, org.springframework.boot.test.autoconfigure.restdocs.RestDocsTestExecutionListener, org.springframework.boot.test.autoconfigure.web.client.MockRestServiceServerResetTestExecutionListener, org.springframework.boot.test.autoconfigure.web.servlet.MockMvcPrintOnlyOnFailureTestExecutionListener, org.springframework.boot.test.autoconfigure.web.servlet.WebDriverTestExecutionListener, org.springframework.boot.test.autoconfigure.webservices.client.MockWebServiceServerTestExecutionListener, org.springframework.boot.test.mock.mockito.MockitoTestExecutionListener, org.springframework.boot.test.mock.mockito.ResetMocksTestExecutionListener, org.springframework.test.context.web.ServletTestExecutionListener, org.springframework.test.context.support.DirtiesContextBeforeModesTestExecutionListener, org.springframework.test.context.event.ApplicationEventsTestExecutionListener, org.springframework.test.context.support.DependencyInjectionTestExecutionListener, org.springframework.test.context.support.DirtiesContextTestExecutionListener, org.springframework.test.context.transaction.TransactionalTestExecutionListener, org.springframework.test.context.jdbc.SqlScriptsTestExecutionListener, org.springframework.test.context.event.EventPublishingTestExecutionListener]
2025-06-10 00:28:17.711  INFO 19858 --- [    Test worker] .b.t.c.SpringBootTestContextBootstrapper : Using TestExecutionListeners: [org.springframework.test.context.web.ServletTestExecutionListener@60ee054e, org.springframework.test.context.support.DirtiesContextBeforeModesTestExecutionListener@2d81e997, org.springframework.test.context.event.ApplicationEventsTestExecutionListener@4bc069b6, org.springframework.boot.test.mock.mockito.MockitoTestExecutionListener@122335ed, org.springframework.boot.test.autoconfigure.SpringBootDependencyInjectionTestExecutionListener@2779692, org.springframework.test.context.support.DirtiesContextTestExecutionListener@20980a1a, org.springframework.test.context.transaction.TransactionalTestExecutionListener@685d5a66, org.springframework.test.context.jdbc.SqlScriptsTestExecutionListener@635a86dd, org.springframework.security.test.context.support.WithSecurityContextTestExecutionListener@5d275f22, org.springframework.test.context.event.EventPublishingTestExecutionListener@3d0f4646, org.springframework.security.test.context.support.ReactorContextTestExecutionListener@3f03b5eb, org.springframework.boot.test.autoconfigure.restdocs.RestDocsTestExecutionListener@858b0b8, org.springframework.boot.test.autoconfigure.web.client.MockRestServiceServerResetTestExecutionListener@6fe120de, org.springframework.boot.test.autoconfigure.web.servlet.MockMvcPrintOnlyOnFailureTestExecutionListener@281b6612, org.springframework.boot.test.autoconfigure.web.servlet.WebDriverTestExecutionListener@a953217, org.springframework.boot.test.autoconfigure.webservices.client.MockWebServiceServerTestExecutionListener@47858e8d, org.springframework.boot.test.mock.mockito.ResetMocksTestExecutionListener@2104b173]
2025-06-10 00:28:17.719  INFO 19858 --- [    Test worker] o.s.b.d.r.RestartApplicationListener     : Restart disabled due to context in which it is running

  _________            .__              ______________  __.  _____          __  .__     
 /   _____/____________|__| ____    ____\____    /    |/ _| /  _  \  __ ___/  |_|  |__  
 \_____  \\____ \_  __ \  |/    \  / ___\ /     /|      <  /  /_\  \|  |  \   __\  |  \ 
 /        \  |_> >  | \/  |   |  \/ /_/  >     /_|    |  \/    |    \  |  /|  | |   Y  \
/_______  /   __/|__|  |__|___|  /\___  /_______ \____|__ \____|__  /____/ |__| |___|  /
        \/|__|                 \//_____/        \/       \/       \/                 \/ 
::::  

2025-06-10 00:28:17.832  INFO 19858 --- [    Test worker] c.g.i.server.services.DiaryServiceTest   : Starting DiaryServiceTest using Java 11.0.17 on gercos with PID 19858 (started by ivana in /home/ivana/projects/SpringZKAuth)
2025-06-10 00:28:17.832  INFO 19858 --- [    Test worker] c.g.i.server.services.DiaryServiceTest   : No active profile set, falling back to 1 default profile: "default"
2025-06-10 00:28:17.835  INFO 19858 --- [    Test worker] o.s.c.c.c.ConfigServerConfigDataLoader   : Fetching config from server at : http://localhost:8888
2025-06-10 00:28:17.836  INFO 19858 --- [    Test worker] o.s.c.c.c.ConfigServerConfigDataLoader   : Connect Timeout Exception on Url - http://localhost:8888. Will be trying the next url if available
2025-06-10 00:28:17.836  WARN 19858 --- [    Test worker] o.s.c.c.c.ConfigServerConfigDataLoader   : Could not locate PropertySource ([ConfigServerConfigDataResource@534d1a02 uris = array<String>['http://localhost:8888'], optional = true, profiles = list['default']]): I/O error on GET request for "http://localhost:8888/application/default": Conexión rehusada (Connection refused); nested exception is java.net.ConnectException: Conexión rehusada (Connection refused)
2025-06-10 00:28:18.177  INFO 19858 --- [    Test worker] c.g.i.server.services.DiaryServiceTest   : Started DiaryServiceTest in 0.458 seconds (JVM running for 9.147)
]]></system-out>
  <system-err><![CDATA[]]></system-err>
</testsuite>
